2023-06-11 19:12:09.343 [main] INFO  c.b.v.VsolarMongoApplication - Starting VsolarMongoApplication using Java 17.0.2 with PID 50772 (C:\Users\Jvan\Documents\projects\github\lb1_source-vsolar-application\src\vsolar-mongo\target\classes started by Jvan in C:\Users\Jvan\Documents\projects\github\lb1_source-vsolar-application\src\vsolar-mongo)
2023-06-11 19:12:09.347 [main] INFO  c.b.v.VsolarMongoApplication - No active profile set, falling back to 1 default profile: "default"
2023-06-11 19:12:09.938 [main] INFO  o.s.d.r.c.RepositoryConfigurationDelegate - Bootstrapping Spring Data MongoDB repositories in DEFAULT mode.
2023-06-11 19:12:09.994 [main] INFO  o.s.d.r.c.RepositoryConfigurationDelegate - Finished Spring Data repository scanning in 50 ms. Found 1 MongoDB repository interfaces.
2023-06-11 19:12:10.853 [main] INFO  o.s.b.w.e.tomcat.TomcatWebServer - Tomcat initialized with port(s): 8082 (http)
2023-06-11 19:12:10.871 [main] INFO  o.a.coyote.http11.Http11NioProtocol - Initializing ProtocolHandler ["http-nio-8082"]
2023-06-11 19:12:10.875 [main] INFO  o.a.catalina.core.StandardService - Starting service [Tomcat]
2023-06-11 19:12:10.875 [main] INFO  o.a.catalina.core.StandardEngine - Starting Servlet engine: [Apache Tomcat/10.1.8]
2023-06-11 19:12:11.039 [main] INFO  o.a.c.c.C.[Tomcat].[localhost].[/] - Initializing Spring embedded WebApplicationContext
2023-06-11 19:12:11.041 [main] INFO  o.s.b.w.s.c.ServletWebServerApplicationContext - Root WebApplicationContext: initialization completed in 1642 ms
2023-06-11 19:12:11.277 [main] INFO  org.mongodb.driver.client - MongoClient with metadata {"driver": {"name": "mongo-java-driver|sync|spring-boot", "version": "4.8.2"}, "os": {"type": "Windows", "name": "Windows 11", "architecture": "amd64", "version": "10.0"}, "platform": "Java/Oracle Corporation/17.0.2+8-LTS-86"} created with settings MongoClientSettings{readPreference=primary, writeConcern=WriteConcern{w=null, wTimeout=null ms, journal=null}, retryWrites=true, retryReads=true, readConcern=ReadConcern{level=null}, credential=null, streamFactoryFactory=null, commandListeners=[], codecRegistry=ProvidersCodecRegistry{codecProviders=[ValueCodecProvider{}, BsonValueCodecProvider{}, DBRefCodecProvider{}, DBObjectCodecProvider{}, DocumentCodecProvider{}, CollectionCodecProvider{}, IterableCodecProvider{}, MapCodecProvider{}, GeoJsonCodecProvider{}, GridFSFileCodecProvider{}, Jsr310CodecProvider{}, JsonObjectCodecProvider{}, BsonCodecProvider{}, EnumCodecProvider{}, com.mongodb.Jep395RecordCodecProvider@7d17ee50]}, clusterSettings={hosts=[localhost:27017], srvServiceName=mongodb, mode=SINGLE, requiredClusterType=UNKNOWN, requiredReplicaSetName='null', serverSelector='null', clusterListeners='[]', serverSelectionTimeout='30000 ms', localThreshold='30000 ms'}, socketSettings=SocketSettings{connectTimeoutMS=10000, readTimeoutMS=0, receiveBufferSize=0, sendBufferSize=0}, heartbeatSocketSettings=SocketSettings{connectTimeoutMS=10000, readTimeoutMS=10000, receiveBufferSize=0, sendBufferSize=0}, connectionPoolSettings=ConnectionPoolSettings{maxSize=100, minSize=0, maxWaitTimeMS=120000, maxConnectionLifeTimeMS=0, maxConnectionIdleTimeMS=0, maintenanceInitialDelayMS=0, maintenanceFrequencyMS=60000, connectionPoolListeners=[], maxConnecting=2}, serverSettings=ServerSettings{heartbeatFrequencyMS=10000, minHeartbeatFrequencyMS=500, serverListeners='[]', serverMonitorListeners='[]'}, sslSettings=SslSettings{enabled=false, invalidHostNameAllowed=false, context=null}, applicationName='null', compressorList=[], uuidRepresentation=JAVA_LEGACY, serverApi=null, autoEncryptionSettings=null, contextProvider=null}
2023-06-11 19:12:11.327 [cluster-ClusterId{value='6486006b9f3e5656607e2ec7', description='null'}-localhost:27017] INFO  org.mongodb.driver.cluster - Monitor thread successfully connected to server with description ServerDescription{address=localhost:27017, type=STANDALONE, state=CONNECTED, ok=true, minWireVersion=0, maxWireVersion=17, maxDocumentSize=16777216, logicalSessionTimeoutMinutes=30, roundTripTimeNanos=39000500}
2023-06-11 19:12:11.842 [main] INFO  o.a.coyote.http11.Http11NioProtocol - Starting ProtocolHandler ["http-nio-8082"]
2023-06-11 19:12:11.868 [main] INFO  o.s.b.w.e.tomcat.TomcatWebServer - Tomcat started on port(s): 8082 (http) with context path ''
2023-06-11 19:12:11.879 [main] INFO  c.b.v.VsolarMongoApplication - Started VsolarMongoApplication in 2.818 seconds (process running for 3.404)
2023-06-11 19:12:29.858 [http-nio-8082-exec-1] INFO  o.a.c.c.C.[Tomcat].[localhost].[/] - Initializing Spring DispatcherServlet 'dispatcherServlet'
2023-06-11 19:12:29.860 [http-nio-8082-exec-1] INFO  o.s.web.servlet.DispatcherServlet - Initializing Servlet 'dispatcherServlet'
2023-06-11 19:12:29.877 [http-nio-8082-exec-1] INFO  o.s.web.servlet.DispatcherServlet - Completed initialization in 8 ms
2023-06-11 19:12:29.899 [http-nio-8082-exec-1] WARN  o.s.w.s.m.s.DefaultHandlerExceptionResolver - Resolved [org.springframework.web.HttpRequestMethodNotSupportedException: Request method 'POST' is not supported]
2023-06-11 19:12:35.991 [http-nio-8082-exec-3] INFO  ch.bztf.vsolarmongo.MongoController - Received value request.
2023-06-11 19:28:16.174 [main] INFO  c.b.v.VsolarMongoApplication - Starting VsolarMongoApplication using Java 17.0.2 with PID 41396 (C:\Users\Jvan\Documents\projects\github\lb1_source-vsolar-application\src\vsolar-mongo\target\classes started by Jvan in C:\Users\Jvan\Documents\projects\github\lb1_source-vsolar-application\src\vsolar-mongo)
2023-06-11 19:28:16.179 [main] INFO  c.b.v.VsolarMongoApplication - No active profile set, falling back to 1 default profile: "default"
2023-06-11 19:28:16.739 [main] INFO  o.s.d.r.c.RepositoryConfigurationDelegate - Bootstrapping Spring Data MongoDB repositories in DEFAULT mode.
2023-06-11 19:28:16.793 [main] INFO  o.s.d.r.c.RepositoryConfigurationDelegate - Finished Spring Data repository scanning in 49 ms. Found 1 MongoDB repository interfaces.
2023-06-11 19:28:17.427 [main] INFO  o.s.b.w.e.tomcat.TomcatWebServer - Tomcat initialized with port(s): 8082 (http)
2023-06-11 19:28:17.438 [main] INFO  o.a.coyote.http11.Http11NioProtocol - Initializing ProtocolHandler ["http-nio-8082"]
2023-06-11 19:28:17.440 [main] INFO  o.a.catalina.core.StandardService - Starting service [Tomcat]
2023-06-11 19:28:17.441 [main] INFO  o.a.catalina.core.StandardEngine - Starting Servlet engine: [Apache Tomcat/10.1.8]
2023-06-11 19:28:17.585 [main] INFO  o.a.c.c.C.[Tomcat].[localhost].[/] - Initializing Spring embedded WebApplicationContext
2023-06-11 19:28:17.588 [main] INFO  o.s.b.w.s.c.ServletWebServerApplicationContext - Root WebApplicationContext: initialization completed in 1352 ms
2023-06-11 19:28:17.880 [main] INFO  org.mongodb.driver.client - MongoClient with metadata {"driver": {"name": "mongo-java-driver|sync|spring-boot", "version": "4.8.2"}, "os": {"type": "Windows", "name": "Windows 11", "architecture": "amd64", "version": "10.0"}, "platform": "Java/Oracle Corporation/17.0.2+8-LTS-86"} created with settings MongoClientSettings{readPreference=primary, writeConcern=WriteConcern{w=null, wTimeout=null ms, journal=null}, retryWrites=true, retryReads=true, readConcern=ReadConcern{level=null}, credential=null, streamFactoryFactory=null, commandListeners=[], codecRegistry=ProvidersCodecRegistry{codecProviders=[ValueCodecProvider{}, BsonValueCodecProvider{}, DBRefCodecProvider{}, DBObjectCodecProvider{}, DocumentCodecProvider{}, CollectionCodecProvider{}, IterableCodecProvider{}, MapCodecProvider{}, GeoJsonCodecProvider{}, GridFSFileCodecProvider{}, Jsr310CodecProvider{}, JsonObjectCodecProvider{}, BsonCodecProvider{}, EnumCodecProvider{}, com.mongodb.Jep395RecordCodecProvider@e111c7c]}, clusterSettings={hosts=[localhost:27017], srvServiceName=mongodb, mode=SINGLE, requiredClusterType=UNKNOWN, requiredReplicaSetName='null', serverSelector='null', clusterListeners='[]', serverSelectionTimeout='30000 ms', localThreshold='30000 ms'}, socketSettings=SocketSettings{connectTimeoutMS=10000, readTimeoutMS=0, receiveBufferSize=0, sendBufferSize=0}, heartbeatSocketSettings=SocketSettings{connectTimeoutMS=10000, readTimeoutMS=10000, receiveBufferSize=0, sendBufferSize=0}, connectionPoolSettings=ConnectionPoolSettings{maxSize=100, minSize=0, maxWaitTimeMS=120000, maxConnectionLifeTimeMS=0, maxConnectionIdleTimeMS=0, maintenanceInitialDelayMS=0, maintenanceFrequencyMS=60000, connectionPoolListeners=[], maxConnecting=2}, serverSettings=ServerSettings{heartbeatFrequencyMS=10000, minHeartbeatFrequencyMS=500, serverListeners='[]', serverMonitorListeners='[]'}, sslSettings=SslSettings{enabled=false, invalidHostNameAllowed=false, context=null}, applicationName='null', compressorList=[], uuidRepresentation=JAVA_LEGACY, serverApi=null, autoEncryptionSettings=null, contextProvider=null}
2023-06-11 19:28:17.944 [cluster-ClusterId{value='6486043148b1de2f203a467d', description='null'}-localhost:27017] INFO  org.mongodb.driver.cluster - Monitor thread successfully connected to server with description ServerDescription{address=localhost:27017, type=STANDALONE, state=CONNECTED, ok=true, minWireVersion=0, maxWireVersion=17, maxDocumentSize=16777216, logicalSessionTimeoutMinutes=30, roundTripTimeNanos=64674900}
2023-06-11 19:28:18.509 [main] INFO  o.a.coyote.http11.Http11NioProtocol - Starting ProtocolHandler ["http-nio-8082"]
2023-06-11 19:28:18.530 [main] INFO  o.s.b.w.e.tomcat.TomcatWebServer - Tomcat started on port(s): 8082 (http) with context path ''
2023-06-11 19:28:18.545 [main] INFO  c.b.v.VsolarMongoApplication - Started VsolarMongoApplication in 2.728 seconds (process running for 3.19)
2023-06-11 19:28:21.131 [http-nio-8082-exec-2] INFO  o.a.c.c.C.[Tomcat].[localhost].[/] - Initializing Spring DispatcherServlet 'dispatcherServlet'
2023-06-11 19:28:21.133 [http-nio-8082-exec-2] INFO  o.s.web.servlet.DispatcherServlet - Initializing Servlet 'dispatcherServlet'
2023-06-11 19:28:21.135 [http-nio-8082-exec-2] INFO  o.s.web.servlet.DispatcherServlet - Completed initialization in 1 ms
2023-06-11 19:28:21.165 [http-nio-8082-exec-2] INFO  ch.bztf.vsolarmongo.MongoController - Received value request.
2023-06-11 19:28:21.317 [http-nio-8082-exec-3] INFO  ch.bztf.vsolarmongo.MongoController - Received value request.
2023-06-11 19:28:21.325 [http-nio-8082-exec-1] INFO  ch.bztf.vsolarmongo.MongoController - Received value request.
2023-06-11 19:30:07.618 [http-nio-8082-exec-5] INFO  ch.bztf.vsolarmongo.MongoController - Received value request.
2023-06-11 19:30:07.646 [http-nio-8082-exec-7] INFO  ch.bztf.vsolarmongo.MongoController - Received value request.
2023-06-11 19:30:07.657 [http-nio-8082-exec-8] INFO  ch.bztf.vsolarmongo.MongoController - Received value request.
2023-06-11 19:30:25.026 [http-nio-8082-exec-10] INFO  ch.bztf.vsolarmongo.MongoController - Received value request.
2023-06-11 19:30:25.044 [http-nio-8082-exec-9] INFO  ch.bztf.vsolarmongo.MongoController - Received value request.
2023-06-11 19:30:25.056 [http-nio-8082-exec-2] INFO  ch.bztf.vsolarmongo.MongoController - Received value request.
2023-06-11 19:32:17.634 [http-nio-8082-exec-1] INFO  ch.bztf.vsolarmongo.MongoController - Received value request.
2023-06-11 19:32:17.660 [http-nio-8082-exec-4] INFO  ch.bztf.vsolarmongo.MongoController - Received value request.
2023-06-11 19:32:17.670 [http-nio-8082-exec-5] INFO  ch.bztf.vsolarmongo.MongoController - Received value request.
2023-06-11 19:34:31.546 [http-nio-8082-exec-6] INFO  ch.bztf.vsolarmongo.MongoController - Received value request.
2023-06-11 19:35:07.689 [http-nio-8082-exec-2] INFO  ch.bztf.vsolarmongo.MongoController - Received value request.
2023-06-11 19:35:07.726 [http-nio-8082-exec-3] INFO  ch.bztf.vsolarmongo.MongoController - Received value request.
2023-06-11 19:35:07.741 [http-nio-8082-exec-1] INFO  ch.bztf.vsolarmongo.MongoController - Received value request.
2023-06-11 19:36:32.600 [http-nio-8082-exec-7] INFO  ch.bztf.vsolarmongo.MongoController - Received value request.
2023-06-11 19:36:32.618 [http-nio-8082-exec-8] INFO  ch.bztf.vsolarmongo.MongoController - Received value request.
2023-06-11 19:36:32.636 [http-nio-8082-exec-6] INFO  ch.bztf.vsolarmongo.MongoController - Received value request.
2023-06-11 19:41:19.282 [main] INFO  c.b.v.VsolarMongoApplication - Starting VsolarMongoApplication using Java 17.0.2 with PID 24940 (C:\Users\Jvan\Documents\projects\github\lb1_source-vsolar-application\src\vsolar-mongo\target\classes started by Jvan in C:\Users\Jvan\Documents\projects\github\lb1_source-vsolar-application\src\vsolar-mongo)
2023-06-11 19:41:19.285 [main] INFO  c.b.v.VsolarMongoApplication - No active profile set, falling back to 1 default profile: "default"
2023-06-11 19:41:19.780 [main] INFO  o.s.d.r.c.RepositoryConfigurationDelegate - Bootstrapping Spring Data MongoDB repositories in DEFAULT mode.
2023-06-11 19:41:19.829 [main] INFO  o.s.d.r.c.RepositoryConfigurationDelegate - Finished Spring Data repository scanning in 44 ms. Found 1 MongoDB repository interfaces.
2023-06-11 19:41:20.388 [main] INFO  o.s.b.w.e.tomcat.TomcatWebServer - Tomcat initialized with port(s): 8082 (http)
2023-06-11 19:41:20.402 [main] INFO  o.a.coyote.http11.Http11NioProtocol - Initializing ProtocolHandler ["http-nio-8082"]
2023-06-11 19:41:20.404 [main] INFO  o.a.catalina.core.StandardService - Starting service [Tomcat]
2023-06-11 19:41:20.405 [main] INFO  o.a.catalina.core.StandardEngine - Starting Servlet engine: [Apache Tomcat/10.1.8]
2023-06-11 19:41:20.513 [main] INFO  o.a.c.c.C.[Tomcat].[localhost].[/] - Initializing Spring embedded WebApplicationContext
2023-06-11 19:41:20.514 [main] INFO  o.s.b.w.s.c.ServletWebServerApplicationContext - Root WebApplicationContext: initialization completed in 1165 ms
2023-06-11 19:41:20.699 [main] INFO  org.mongodb.driver.client - MongoClient with metadata {"driver": {"name": "mongo-java-driver|sync|spring-boot", "version": "4.8.2"}, "os": {"type": "Windows", "name": "Windows 11", "architecture": "amd64", "version": "10.0"}, "platform": "Java/Oracle Corporation/17.0.2+8-LTS-86"} created with settings MongoClientSettings{readPreference=primary, writeConcern=WriteConcern{w=null, wTimeout=null ms, journal=null}, retryWrites=true, retryReads=true, readConcern=ReadConcern{level=null}, credential=null, streamFactoryFactory=null, commandListeners=[], codecRegistry=ProvidersCodecRegistry{codecProviders=[ValueCodecProvider{}, BsonValueCodecProvider{}, DBRefCodecProvider{}, DBObjectCodecProvider{}, DocumentCodecProvider{}, CollectionCodecProvider{}, IterableCodecProvider{}, MapCodecProvider{}, GeoJsonCodecProvider{}, GridFSFileCodecProvider{}, Jsr310CodecProvider{}, JsonObjectCodecProvider{}, BsonCodecProvider{}, EnumCodecProvider{}, com.mongodb.Jep395RecordCodecProvider@2b1cd7bc]}, clusterSettings={hosts=[localhost:27017], srvServiceName=mongodb, mode=SINGLE, requiredClusterType=UNKNOWN, requiredReplicaSetName='null', serverSelector='null', clusterListeners='[]', serverSelectionTimeout='30000 ms', localThreshold='30000 ms'}, socketSettings=SocketSettings{connectTimeoutMS=10000, readTimeoutMS=0, receiveBufferSize=0, sendBufferSize=0}, heartbeatSocketSettings=SocketSettings{connectTimeoutMS=10000, readTimeoutMS=10000, receiveBufferSize=0, sendBufferSize=0}, connectionPoolSettings=ConnectionPoolSettings{maxSize=100, minSize=0, maxWaitTimeMS=120000, maxConnectionLifeTimeMS=0, maxConnectionIdleTimeMS=0, maintenanceInitialDelayMS=0, maintenanceFrequencyMS=60000, connectionPoolListeners=[], maxConnecting=2}, serverSettings=ServerSettings{heartbeatFrequencyMS=10000, minHeartbeatFrequencyMS=500, serverListeners='[]', serverMonitorListeners='[]'}, sslSettings=SslSettings{enabled=false, invalidHostNameAllowed=false, context=null}, applicationName='null', compressorList=[], uuidRepresentation=JAVA_LEGACY, serverApi=null, autoEncryptionSettings=null, contextProvider=null}
2023-06-11 19:41:20.723 [cluster-ClusterId{value='6486074035876f58de708767', description='null'}-localhost:27017] INFO  org.mongodb.driver.cluster - Monitor thread successfully connected to server with description ServerDescription{address=localhost:27017, type=STANDALONE, state=CONNECTED, ok=true, minWireVersion=0, maxWireVersion=17, maxDocumentSize=16777216, logicalSessionTimeoutMinutes=30, roundTripTimeNanos=19881800}
2023-06-11 19:41:21.224 [main] INFO  o.a.coyote.http11.Http11NioProtocol - Starting ProtocolHandler ["http-nio-8082"]
2023-06-11 19:41:21.253 [main] INFO  o.s.b.w.e.tomcat.TomcatWebServer - Tomcat started on port(s): 8082 (http) with context path ''
2023-06-11 19:41:21.265 [main] INFO  c.b.v.VsolarMongoApplication - Started VsolarMongoApplication in 2.292 seconds (process running for 2.684)
2023-06-11 19:43:11.649 [main] INFO  ch.bztf.vsolarmongo.MongoController - Updated API Token: newApiToken
2023-06-11 19:43:46.817 [main] INFO  ch.bztf.vsolarmongo.MongoController - Updated API Token: newApiToken
